<?xml version="1.0" encoding="UTF-8"?>
<testng-results ignored="0" total="1" passed="1" failed="0" skipped="0">
  <reporter-output>
  </reporter-output>
  <suite started-at="2025-01-13T17:08:57 GMT" name="Default suite" finished-at="2025-01-13T17:09:03 GMT" duration-ms="5767">
    <groups>
    </groups>
    <test started-at="2025-01-13T17:08:57 GMT" name="Default test" finished-at="2025-01-13T17:09:03 GMT" duration-ms="5767">
      <class name="com.sweet.tests.SweetOrderTest">
        <test-method is-config="true" signature="openBrowserUrl()[pri:0, instance:com.sweet.tests.SweetOrderTest@3e27aa33]" started-at="2025-01-13T17:08:46 GMT" name="openBrowserUrl" finished-at="2025-01-13T17:08:57 GMT" duration-ms="10493" status="PASS">
          <reporter-output>
          </reporter-output>
        </test-method> <!-- openBrowserUrl -->
        <test-method signature="UserLoginTest()[pri:0, instance:com.sweet.tests.SweetOrderTest@3e27aa33]" started-at="2025-01-13T17:08:57 GMT" name="UserLoginTest" finished-at="2025-01-13T17:09:03 GMT" duration-ms="5647" status="PASS">
          <reporter-output>
          </reporter-output>
        </test-method> <!-- UserLoginTest -->
        <test-method is-config="true" signature="closeBrowserUrl()[pri:0, instance:com.sweet.tests.SweetOrderTest@3e27aa33]" started-at="2025-01-13T17:09:03 GMT" name="closeBrowserUrl" finished-at="2025-01-13T17:09:04 GMT" duration-ms="1114" status="PASS">
          <reporter-output>
          </reporter-output>
        </test-method> <!-- closeBrowserUrl -->
      </class> <!-- com.sweet.tests.SweetOrderTest -->
    </test> <!-- Default test -->
  </suite> <!-- Default suite -->
</testng-results>
